<?xml version="1.0" encoding="UTF-8"?>
<testsuite xmlns:xsi="http://www.w3.org/2001/XMLSchema-instance" xsi:noNamespaceSchemaLocation="https://maven.apache.org/surefire/maven-surefire-plugin/xsd/surefire-test-report-3.0.xsd" version="3.0" name="com.aidevplatform.service.SessionMemoryIntegrationTest" time="11.273" tests="9" errors="3" skipped="0" failures="2">
  <properties>
[...]
</properties>
  <testcase name="testSessionCompressionWithPreviousAgents" classname="com.aidevplatform.service.SessionMemoryIntegrationTest" time="0.741">
    <error message="could not execute statement [ERROR: insert or update on table &quot;modules&quot; violates foreign key constraint &quot;modules_project_id_fkey&quot;&#10;  Detail: Key (project_id)=(106f6485-7ace-4228-917a-96d58f8c9fcf) is not present in table &quot;projects&quot;.] [insert into modules (created_at,current_agent,description,name,parsed_stories,project_id,raw_requirement,req_file_path,status,updated_at,id) values (?,?,?,?,?,?,?,?,?,?,?)]; SQL [insert into modules (created_at,current_agent,description,name,parsed_stories,project_id,raw_requirement,req_file_path,status,updated_at,id) values (?,?,?,?,?,?,?,?,?,?,?)]; constraint [modules_project_id_fkey]" type="org.springframework.dao.DataIntegrityViolationException"><![CDATA[org.springframework.dao.DataIntegrityViolationException: 
could not execute statement [ERROR: insert or update on table "modules" violates foreign key constraint "modules_project_id_fkey"
  Detail: Key (project_id)=(106f6485-7ace-4228-917a-96d58f8c9fcf) is not present in table "projects".] [insert into modules (created_at,current_agent,description,name,parsed_stories,project_id,raw_requirement,req_file_path,status,updated_at,id) values (?,?,?,?,?,?,?,?,?,?,?)]; SQL [insert into modules (created_at,current_agent,description,name,parsed_stories,project_id,raw_requirement,req_file_path,status,updated_at,id) values (?,?,?,?,?,?,?,?,?,?,?)]; constraint [modules_project_id_fkey]
	at org.springframework.orm.jpa.vendor.HibernateJpaDialect.convertHibernateAccessException(HibernateJpaDialect.java:290)
	at org.springframework.orm.jpa.vendor.HibernateJpaDialect.translateExceptionIfPossible(HibernateJpaDialect.java:241)
	at org.springframework.orm.jpa.AbstractEntityManagerFactoryBean.translateExceptionIfPossible(AbstractEntityManagerFactoryBean.java:550)
	at org.springframework.dao.support.ChainedPersistenceExceptionTranslator.translateExceptionIfPossible(ChainedPersistenceExceptionTranslator.java:61)
	at org.springframework.dao.support.DataAccessUtils.translateIfNecessary(DataAccessUtils.java:335)
	at org.springframework.dao.support.PersistenceExceptionTranslationInterceptor.invoke(PersistenceExceptionTranslationInterceptor.java:152)
	at org.springframework.aop.framework.ReflectiveMethodInvocation.proceed(ReflectiveMethodInvocation.java:184)
	at org.springframework.data.jpa.repository.support.CrudMethodMetadataPostProcessor$CrudMethodMetadataPopulatingMethodInterceptor.invoke(CrudMethodMetadataPostProcessor.java:136)
	at org.springframework.aop.framework.ReflectiveMethodInvocation.proceed(ReflectiveMethodInvocation.java:184)
	at org.springframework.aop.interceptor.ExposeInvocationInterceptor.invoke(ExposeInvocationInterceptor.java:97)
	at org.springframework.aop.framework.ReflectiveMethodInvocation.proceed(ReflectiveMethodInvocation.java:184)
	at org.springframework.aop.framework.JdkDynamicAopProxy.invoke(JdkDynamicAopProxy.java:223)
	at jdk.proxy2/jdk.proxy2.$Proxy180.findByRunId(Unknown Source)
	at com.aidevplatform.service.SessionCompressorService.getSessionContext(SessionCompressorService.java:235)
	at java.base/jdk.internal.reflect.DirectMethodHandleAccessor.invoke(DirectMethodHandleAccessor.java:103)
	at java.base/java.lang.reflect.Method.invoke(Method.java:580)
	at org.springframework.aop.support.AopUtils.invokeJoinpointUsingReflection(AopUtils.java:354)
	at org.springframework.aop.framework.ReflectiveMethodInvocation.invokeJoinpoint(ReflectiveMethodInvocation.java:196)
	at org.springframework.aop.framework.ReflectiveMethodInvocation.proceed(ReflectiveMethodInvocation.java:163)
	at org.springframework.aop.framework.CglibAopProxy$CglibMethodInvocation.proceed(CglibAopProxy.java:768)
	at org.springframework.transaction.interceptor.TransactionInterceptor$1.proceedWithInvocation(TransactionInterceptor.java:123)
	at org.springframework.transaction.interceptor.TransactionAspectSupport.invokeWithinTransaction(TransactionAspectSupport.java:392)
	at org.springframework.transaction.interceptor.TransactionInterceptor.invoke(TransactionInterceptor.java:119)
	at org.springframework.aop.framework.ReflectiveMethodInvocation.proceed(ReflectiveMethodInvocation.java:184)
	at org.springframework.aop.framework.CglibAopProxy$CglibMethodInvocation.proceed(CglibAopProxy.java:768)
	at org.springframework.aop.framework.CglibAopProxy$DynamicAdvisedInterceptor.intercept(CglibAopProxy.java:720)
	at com.aidevplatform.service.SessionCompressorService$$SpringCGLIB$$0.getSessionContext(<generated>)
	at com.aidevplatform.service.SessionMemoryIntegrationTest.testSessionCompressionWithPreviousAgents(SessionMemoryIntegrationTest.java:193)
	at java.base/java.lang.reflect.Method.invoke(Method.java:580)
	at java.base/java.util.ArrayList.forEach(ArrayList.java:1596)
	at java.base/java.util.ArrayList.forEach(ArrayList.java:1596)
Caused by: org.hibernate.exception.ConstraintViolationException: could not execute statement [ERROR: insert or update on table "modules" violates foreign key constraint "modules_project_id_fkey"
  Detail: Key (project_id)=(106f6485-7ace-4228-917a-96d58f8c9fcf) is not present in table "projects".] [insert into modules (created_at,current_agent,description,name,parsed_stories,project_id,raw_requirement,req_file_path,status,updated_at,id) values (?,?,?,?,?,?,?,?,?,?,?)]
	at org.hibernate.exception.internal.SQLStateConversionDelegate.convert(SQLStateConversionDelegate.java:97)
	at org.hibernate.exception.internal.StandardSQLExceptionConverter.convert(StandardSQLExceptionConverter.java:58)
	at org.hibernate.engine.jdbc.spi.SqlExceptionHelper.convert(SqlExceptionHelper.java:108)
	at org.hibernate.engine.jdbc.internal.ResultSetReturnImpl.executeUpdate(ResultSetReturnImpl.java:197)
	at org.hibernate.engine.jdbc.mutation.internal.AbstractMutationExecutor.performNonBatchedMutation(AbstractMutationExecutor.java:134)
	at org.hibernate.engine.jdbc.mutation.internal.MutationExecutorSingleNonBatched.performNonBatchedOperations(MutationExecutorSingleNonBatched.java:55)
	at org.hibernate.engine.jdbc.mutation.internal.AbstractMutationExecutor.execute(AbstractMutationExecutor.java:55)
	at org.hibernate.persister.entity.mutation.InsertCoordinatorStandard.doStaticInserts(InsertCoordinatorStandard.java:194)
	at org.hibernate.persister.entity.mutation.InsertCoordinatorStandard.coordinateInsert(InsertCoordinatorStandard.java:132)
	at org.hibernate.persister.entity.mutation.InsertCoordinatorStandard.insert(InsertCoordinatorStandard.java:104)
	at org.hibernate.action.internal.EntityInsertAction.execute(EntityInsertAction.java:110)
	at org.hibernate.engine.spi.ActionQueue.executeActions(ActionQueue.java:632)
	at org.hibernate.engine.spi.ActionQueue.executeActions(ActionQueue.java:499)
	at org.hibernate.event.internal.AbstractFlushingEventListener.performExecutions(AbstractFlushingEventListener.java:371)
	at org.hibernate.event.internal.DefaultAutoFlushEventListener.onAutoFlush(DefaultAutoFlushEventListener.java:66)
	at org.hibernate.event.service.internal.EventListenerGroupImpl.fireEventOnEachListener(EventListenerGroupImpl.java:127)
	at org.hibernate.internal.SessionImpl.autoFlushIfRequired(SessionImpl.java:1375)
	at org.hibernate.query.sqm.internal.ConcreteSqmSelectQueryPlan.lambda$new$2(ConcreteSqmSelectQueryPlan.java:138)
	at org.hibernate.query.sqm.internal.ConcreteSqmSelectQueryPlan.withCacheableSqmInterpretation(ConcreteSqmSelectQueryPlan.java:382)
	at org.hibernate.query.sqm.internal.ConcreteSqmSelectQueryPlan.performList(ConcreteSqmSelectQueryPlan.java:302)
	at org.hibernate.query.sqm.internal.QuerySqmImpl.doList(QuerySqmImpl.java:526)
	at org.hibernate.query.spi.AbstractSelectionQuery.list(AbstractSelectionQuery.java:423)
	at org.hibernate.query.spi.AbstractSelectionQuery.getSingleResult(AbstractSelectionQuery.java:555)
	at org.springframework.data.jpa.repository.query.JpaQueryExecution$SingleEntityExecution.doExecute(JpaQueryExecution.java:223)
	at org.springframework.data.jpa.repository.query.JpaQueryExecution.execute(JpaQueryExecution.java:92)
	at org.springframework.data.jpa.repository.query.AbstractJpaQuery.doExecute(AbstractJpaQuery.java:152)
	at org.springframework.data.jpa.repository.query.AbstractJpaQuery.execute(AbstractJpaQuery.java:140)
	at org.springframework.data.repository.core.support.RepositoryMethodInvoker.doInvoke(RepositoryMethodInvoker.java:170)
	at org.springframework.data.repository.core.support.RepositoryMethodInvoker.invoke(RepositoryMethodInvoker.java:158)
	at org.springframework.data.repository.core.support.QueryExecutorMethodInterceptor.doInvoke(QueryExecutorMethodInterceptor.java:164)
	at org.springframework.data.repository.core.support.QueryExecutorMethodInterceptor.invoke(QueryExecutorMethodInterceptor.java:143)
	at org.springframework.aop.framework.ReflectiveMethodInvocation.proceed(ReflectiveMethodInvocation.java:184)
	at org.springframework.data.projection.DefaultMethodInvokingMethodInterceptor.invoke(DefaultMethodInvokingMethodInterceptor.java:70)
	at org.springframework.aop.framework.ReflectiveMethodInvocation.proceed(ReflectiveMethodInvocation.java:184)
	at org.springframework.transaction.interceptor.TransactionInterceptor$1.proceedWithInvocation(TransactionInterceptor.java:123)
	at org.springframework.transaction.interceptor.TransactionAspectSupport.invokeWithinTransaction(TransactionAspectSupport.java:392)
	at org.springframework.transaction.interceptor.TransactionInterceptor.invoke(TransactionInterceptor.java:119)
	at org.springframework.aop.framework.ReflectiveMethodInvocation.proceed(ReflectiveMethodInvocation.java:184)
	at org.springframework.dao.support.PersistenceExceptionTranslationInterceptor.invoke(PersistenceExceptionTranslationInterceptor.java:137)
	... 25 more
Caused by: org.postgresql.util.PSQLException: ERROR: insert or update on table "modules" violates foreign key constraint "modules_project_id_fkey"
  Detail: Key (project_id)=(106f6485-7ace-4228-917a-96d58f8c9fcf) is not present in table "projects".
	at org.postgresql.core.v3.QueryExecutorImpl.receiveErrorResponse(QueryExecutorImpl.java:2713)
	at org.postgresql.core.v3.QueryExecutorImpl.processResults(QueryExecutorImpl.java:2401)
	at org.postgresql.core.v3.QueryExecutorImpl.execute(QueryExecutorImpl.java:368)
	at org.postgresql.jdbc.PgStatement.executeInternal(PgStatement.java:498)
	at org.postgresql.jdbc.PgStatement.execute(PgStatement.java:415)
	at org.postgresql.jdbc.PgPreparedStatement.executeWithFlags(PgPreparedStatement.java:190)
	at org.postgresql.jdbc.PgPreparedStatement.executeUpdate(PgPreparedStatement.java:152)
	at com.zaxxer.hikari.pool.ProxyPreparedStatement.executeUpdate(ProxyPreparedStatement.java:61)
	at com.zaxxer.hikari.pool.HikariProxyPreparedStatement.executeUpdate(HikariProxyPreparedStatement.java)
	at org.hibernate.engine.jdbc.internal.ResultSetReturnImpl.executeUpdate(ResultSetReturnImpl.java:194)
	... 60 more
]]></error>
    <system-out><![CDATA[20:53:30.046 [main] INFO org.springframework.test.context.support.AnnotationConfigContextLoaderUtils -- Could not detect default configuration classes for test class [com.aidevplatform.service.SessionMemoryIntegrationTest]: SessionMemoryIntegrationTest does not declare any static, non-private, non-final, nested classes annotated with @Configuration.
20:53:30.132 [main] INFO org.springframework.boot.test.context.SpringBootTestContextBootstrapper -- Found @SpringBootConfiguration com.aidevplatform.AiDevPlatformApplication for test class com.aidevplatform.service.SessionMemoryIntegrationTest
  .   ____          _            __ _ _
 /\\ / ___'_ __ _ _(_)_ __  __ _ \ \ \ \
( ( )\___ | '_ | '_| | '_ \/ _` | \ \ \ \
 \\/  ___)| |_)| | | | | || (_| |  ) ) ) )
  '  |____| .__|_| |_|_| |_\__, | / / / /
 =========|_|==============|___/=/_/_/_/

 :: Spring Boot ::                (v3.3.0)

2026-04-07T20:53:30.503+07:00  INFO 42996 --- [ai-dev-platform] [           main] c.a.s.SessionMemoryIntegrationTest       : Starting SessionMemoryIntegrationTest using Java 21.0.3 with PID 42996 (started by Placeholder in D:\Projects\Minh\AIDevPlatform\backend)
2026-04-07T20:53:30.505+07:00  INFO 42996 --- [ai-dev-platform] [           main] c.a.s.SessionMemoryIntegrationTest       : No active profile set, falling back to 1 default profile: "default"
2026-04-07T20:53:31.234+07:00  INFO 42996 --- [ai-dev-platform] [           main] .s.d.r.c.RepositoryConfigurationDelegate : Multiple Spring Data modules found, entering strict repository configuration mode
2026-04-07T20:53:31.236+07:00  INFO 42996 --- [ai-dev-platform] [           main] .s.d.r.c.RepositoryConfigurationDelegate : Bootstrapping Spring Data JPA repositories in DEFAULT mode.
2026-04-07T20:53:31.392+07:00  INFO 42996 --- [ai-dev-platform] [           main] .s.d.r.c.RepositoryConfigurationDelegate : Finished Spring Data repository scanning in 146 ms. Found 7 JPA repository interfaces.
2026-04-07T20:53:31.408+07:00  INFO 42996 --- [ai-dev-platform] [           main] .s.d.r.c.RepositoryConfigurationDelegate : Multiple Spring Data modules found, entering strict repository configuration mode
2026-04-07T20:53:31.408+07:00  INFO 42996 --- [ai-dev-platform] [           main] .s.d.r.c.RepositoryConfigurationDelegate : Bootstrapping Spring Data Redis repositories in DEFAULT mode.
2026-04-07T20:53:31.424+07:00  INFO 42996 --- [ai-dev-platform] [           main] .RepositoryConfigurationExtensionSupport : Spring Data Redis - Could not safely identify store assignment for repository candidate interface com.aidevplatform.repository.AgentEventRepository; If you want this repository to be a Redis repository, consider annotating your entities with one of these annotations: org.springframework.data.redis.core.RedisHash (preferred), or consider extending one of the following types with your repository: org.springframework.data.keyvalue.repository.KeyValueRepository
2026-04-07T20:53:31.424+07:00  INFO 42996 --- [ai-dev-platform] [           main] .RepositoryConfigurationExtensionSupport : Spring Data Redis - Could not safely identify store assignment for repository candidate interface com.aidevplatform.repository.AgentReportRepository; If you want this repository to be a Redis repository, consider annotating your entities with one of these annotations: org.springframework.data.redis.core.RedisHash (preferred), or consider extending one of the following types with your repository: org.springframework.data.keyvalue.repository.KeyValueRepository
2026-04-07T20:53:31.425+07:00  INFO 42996 --- [ai-dev-platform] [           main] .RepositoryConfigurationExtensionSupport : Spring Data Redis - Could not safely identify store assignment for repository candidate interface com.aidevplatform.repository.AgentRunRepository; If you want this repository to be a Redis repository, consider annotating your entities with one of these annotations: org.springframework.data.redis.core.RedisHash (preferred), or consider extending one of the following types with your repository: org.springframework.data.keyvalue.repository.KeyValueRepository
2026-04-07T20:53:31.425+07:00  INFO 42996 --- [ai-dev-platform] [           main] .RepositoryConfigurationExtensionSupport : Spring Data Redis - Could not safely identify store assignment for repository candidate interface com.aidevplatform.repository.AgentSessionRepository; If you want this repository to be a Redis repository, consider annotating your entities with one of these annotations: org.springframework.data.redis.core.RedisHash (preferred), or consider extending one of the following types with your repository: org.springframework.data.keyvalue.repository.KeyValueRepository
2026-04-07T20:53:31.425+07:00  INFO 42996 --- [ai-dev-platform] [           main] .RepositoryConfigurationExtensionSupport : Spring Data Redis - Could not safely identify store assignment for repository candidate interface com.aidevplatform.repository.ModuleRepository; If you want this repository to be a Redis repository, consider annotating your entities with one of these annotations: org.springframework.data.redis.core.RedisHash (preferred), or consider extending one of the following types with your repository: org.springframework.data.keyvalue.repository.KeyValueRepository
2026-04-07T20:53:31.426+07:00  INFO 42996 --- [ai-dev-platform] [           main] .RepositoryConfigurationExtensionSupport : Spring Data Redis - Could not safely identify store assignment for repository candidate interface com.aidevplatform.repository.ProjectRepository; If you want this repository to be a Redis repository, consider annotating your entities with one of these annotations: org.springframework.data.redis.core.RedisHash (preferred), or consider extending one of the following types with your repository: org.springframework.data.keyvalue.repository.KeyValueRepository
2026-04-07T20:53:31.426+07:00  INFO 42996 --- [ai-dev-platform] [           main] .RepositoryConfigurationExtensionSupport : Spring Data Redis - Could not safely identify store assignment for repository candidate interface com.aidevplatform.repository.UserRepository; If you want this repository to be a Redis repository, consider annotating your entities with one of these annotations: org.springframework.data.redis.core.RedisHash (preferred), or consider extending one of the following types with your repository: org.springframework.data.keyvalue.repository.KeyValueRepository
2026-04-07T20:53:31.426+07:00  INFO 42996 --- [ai-dev-platform] [           main] .s.d.r.c.RepositoryConfigurationDelegate : Finished Spring Data repository scanning in 9 ms. Found 0 Redis repository interfaces.
2026-04-07T20:53:32.220+07:00  INFO 42996 --- [ai-dev-platform] [           main] com.zaxxer.hikari.HikariDataSource       : HikariPool-1 - Starting...
2026-04-07T20:53:32.493+07:00  INFO 42996 --- [ai-dev-platform] [           main] com.zaxxer.hikari.pool.HikariPool        : HikariPool-1 - Added connection org.postgresql.jdbc.PgConnection@6141647f
2026-04-07T20:53:32.495+07:00  INFO 42996 --- [ai-dev-platform] [           main] com.zaxxer.hikari.HikariDataSource       : HikariPool-1 - Start completed.
2026-04-07T20:53:32.541+07:00  INFO 42996 --- [ai-dev-platform] [           main] org.flywaydb.core.FlywayExecutor         : Database: jdbc:postgresql://localhost:5434/aidevplatform (PostgreSQL 16.3)
2026-04-07T20:53:32.599+07:00  INFO 42996 --- [ai-dev-platform] [           main] o.f.core.internal.command.DbValidate     : Successfully validated 1 migration (execution time 00:00.034s)
2026-04-07T20:53:32.667+07:00  INFO 42996 --- [ai-dev-platform] [           main] o.f.core.internal.command.DbMigrate      : Current version of schema "public": 1
2026-04-07T20:53:32.675+07:00  INFO 42996 --- [ai-dev-platform] [           main] o.f.core.internal.command.DbMigrate      : Schema "public" is up to date. No migration necessary.
2026-04-07T20:53:32.819+07:00  INFO 42996 --- [ai-dev-platform] [           main] o.hibernate.jpa.internal.util.LogHelper  : HHH000204: Processing PersistenceUnitInfo [name: default]
2026-04-07T20:53:32.899+07:00  INFO 42996 --- [ai-dev-platform] [           main] org.hibernate.Version                    : HHH000412: Hibernate ORM core version 6.5.2.Final
2026-04-07T20:53:32.938+07:00  INFO 42996 --- [ai-dev-platform] [           main] o.h.c.internal.RegionFactoryInitiator    : HHH000026: Second-level cache disabled
2026-04-07T20:53:33.239+07:00  INFO 42996 --- [ai-dev-platform] [           main] o.s.o.j.p.SpringPersistenceUnitInfo      : No LoadTimeWeaver setup: ignoring JPA class transformer
2026-04-07T20:53:33.296+07:00  WARN 42996 --- [ai-dev-platform] [           main] org.hibernate.orm.deprecation            : HHH90000025: PostgreSQLDialect does not need to be specified explicitly using 'hibernate.dialect' (remove the property setting and it will be selected by default)
2026-04-07T20:53:34.660+07:00  INFO 42996 --- [ai-dev-platform] [           main] o.h.e.t.j.p.i.JtaPlatformInitiator       : HHH000489: No JTA platform available (set 'hibernate.transaction.jta.platform' to enable JTA platform integration)
2026-04-07T20:53:34.704+07:00  INFO 42996 --- [ai-dev-platform] [           main] j.LocalContainerEntityManagerFactoryBean : Initialized JPA EntityManagerFactory for persistence unit 'default'
2026-04-07T20:53:34.988+07:00  INFO 42996 --- [ai-dev-platform] [           main] o.s.d.j.r.query.QueryEnhancerFactory     : Hibernate is in classpath; If applicable, HQL parser will be used.
2026-04-07T20:53:37.278+07:00  WARN 42996 --- [ai-dev-platform] [           main] JpaBaseConfiguration$JpaWebConfiguration : spring.jpa.open-in-view is enabled by default. Therefore, database queries may be performed during view rendering. Explicitly configure spring.jpa.open-in-view to disable this warning
2026-04-07T20:53:37.317+07:00  INFO 42996 --- [ai-dev-platform] [           main] eAuthenticationProviderManagerConfigurer : Global AuthenticationManager configured with AuthenticationProvider bean with name authenticationProvider
2026-04-07T20:53:37.320+07:00  WARN 42996 --- [ai-dev-platform] [           main] r$InitializeUserDetailsManagerConfigurer : Global AuthenticationManager configured with an AuthenticationProvider bean. UserDetailsService beans will not be used for username/password login. Consider removing the AuthenticationProvider bean. Alternatively, consider using the UserDetailsService in a manually instantiated DaoAuthenticationProvider.
2026-04-07T20:53:37.618+07:00  INFO 42996 --- [ai-dev-platform] [           main] o.s.s.web.DefaultSecurityFilterChain     : Will secure any request with [org.springframework.security.web.session.DisableEncodeUrlFilter@28a50dec, org.springframework.security.web.context.request.async.WebAsyncManagerIntegrationFilter@1c8020c6, org.springframework.security.web.context.SecurityContextHolderFilter@68172eeb, org.springframework.security.web.header.HeaderWriterFilter@49f4792a, org.springframework.web.filter.CorsFilter@46febe84, org.springframework.security.web.csrf.CsrfFilter@10bf4f1c, org.springframework.security.web.authentication.logout.LogoutFilter@10ea1754, org.springframework.security.web.authentication.UsernamePasswordAuthenticationFilter@21af717b, org.springframework.security.web.savedrequest.RequestCacheAwareFilter@d424f08, org.springframework.security.web.servletapi.SecurityContextHolderAwareRequestFilter@61c3b31c, org.springframework.security.web.authentication.AnonymousAuthenticationFilter@5174b135, org.springframework.security.web.access.ExceptionTranslationFilter@44f2d195, org.springframework.security.web.access.intercept.AuthorizationFilter@78999117]
2026-04-07T20:53:38.113+07:00  INFO 42996 --- [ai-dev-platform] [           main] org.atmosphere.cpr.AtmosphereFramework   : Installed AtmosphereHandler com.vaadin.hilla.push.PushEndpoint mapped to context-path: /HILLA/push
2026-04-07T20:53:38.113+07:00  INFO 42996 --- [ai-dev-platform] [           main] org.atmosphere.cpr.AtmosphereFramework   : Installed the following AtmosphereInterceptor mapped to AtmosphereHandler com.vaadin.hilla.push.PushEndpoint
2026-04-07T20:53:38.113+07:00  INFO 42996 --- [ai-dev-platform] [           main] org.atmosphere.cpr.AtmosphereFramework   : 	org.atmosphere.interceptor.AtmosphereResourceLifecycleInterceptor : Atmosphere LifeCycle
2026-04-07T20:53:38.113+07:00  INFO 42996 --- [ai-dev-platform] [           main] org.atmosphere.cpr.AtmosphereFramework   : 	org.atmosphere.client.TrackMessageSizeInterceptor :  Track Message Size Interceptor using |
2026-04-07T20:53:38.113+07:00  INFO 42996 --- [ai-dev-platform] [           main] org.atmosphere.cpr.AtmosphereFramework   : 	org.atmosphere.interceptor.SuspendTrackerInterceptor : UUID Tracking Interceptor
2026-04-07T20:53:38.305+07:00  INFO 42996 --- [ai-dev-platform] [           main] c.a.s.SessionMemoryIntegrationTest       : Started SessionMemoryIntegrationTest in 8.049 seconds (process running for 8.993)
2026-04-07T20:53:38.308+07:00  INFO 42996 --- [ai-dev-platform] [           main] c.a.service.PipelineHealthChecker        : PipelineHealthChecker initialized - checking for stuck runs on startup
2026-04-07T20:53:38.466+07:00  WARN 42996 --- [ai-dev-platform] [           main] c.a.service.PipelineHealthChecker        : Health check: found 1 stuck RUNNING run(s) older than 2 minutes
2026-04-07T20:53:38.466+07:00  WARN 42996 --- [ai-dev-platform] [   scheduling-1] c.a.service.PipelineHealthChecker        : Health check: found 1 stuck RUNNING run(s) older than 2 minutes
2026-04-07T20:53:38.873+07:00  INFO 42996 --- [ai-dev-platform] [           main] c.a.service.AgentOrchestrator            : resumePipeline: re-dispatched RUNNING run=10d7ff37-4d2a-4131-8fcb-9283c820cdd5, agent=pm
2026-04-07T20:53:38.874+07:00  INFO 42996 --- [ai-dev-platform] [   scheduling-1] c.a.service.AgentOrchestrator            : resumePipeline: re-dispatched RUNNING run=10d7ff37-4d2a-4131-8fcb-9283c820cdd5, agent=pm
2026-04-07T20:53:38.878+07:00  INFO 42996 --- [ai-dev-platform] [           main] c.a.service.PipelineHealthChecker        : Health check auto-resumed: runId=10d7ff37-4d2a-4131-8fcb-9283c820cdd5, agent=pm, result=REDISPATCHED:pm
2026-04-07T20:53:38.878+07:00  INFO 42996 --- [ai-dev-platform] [   scheduling-1] c.a.service.PipelineHealthChecker        : Health check auto-resumed: runId=10d7ff37-4d2a-4131-8fcb-9283c820cdd5, agent=pm, result=REDISPATCHED:pm
2026-04-07T20:53:39.606+07:00  WARN 42996 --- [ai-dev-platform] [           main] o.h.engine.jdbc.spi.SqlExceptionHelper   : SQL Error: 0, SQLState: 23503
2026-04-07T20:53:39.607+07:00 ERROR 42996 --- [ai-dev-platform] [           main] o.h.engine.jdbc.spi.SqlExceptionHelper   : ERROR: insert or update on table "modules" violates foreign key constraint "modules_project_id_fkey"
  Detail: Key (project_id)=(106f6485-7ace-4228-917a-96d58f8c9fcf) is not present in table "projects".
]]></system-out>
    <system-err><![CDATA[WARNING: A Java agent has been loaded dynamically (C:\Users\Placeholder\.m2\repository\net\bytebuddy\byte-buddy-agent\1.14.16\byte-buddy-agent-1.14.16.jar)
WARNING: If a serviceability tool is in use, please run with -XX:+EnableDynamicAgentLoading to hide this warning
WARNING: If a serviceability tool is not in use, please run with -Djdk.instrument.traceUsage for more information
WARNING: Dynamic loading of agents will be disallowed by default in a future release
]]></system-err>
  </testcase>
  <testcase name="testChatSummarization" classname="com.aidevplatform.service.SessionMemoryIntegrationTest" time="0.86">
    <failure message="&#10;Expecting actual:&#10;  &quot;LLM summarization failed&quot;&#10;to contain:&#10;  [&quot;login&quot;, &quot;JWT&quot;, &quot;authentication&quot;]&#10;but could not find:&#10;  [&quot;login&quot;, &quot;JWT&quot;, &quot;authentication&quot;]&#10; " type="java.lang.AssertionError"><![CDATA[java.lang.AssertionError: 

Expecting actual:
  "LLM summarization failed"
to contain:
  ["login", "JWT", "authentication"]
but could not find:
  ["login", "JWT", "authentication"]
 
	at com.aidevplatform.service.SessionMemoryIntegrationTest.testChatSummarization(SessionMemoryIntegrationTest.java:281)
	at java.base/java.lang.reflect.Method.invoke(Method.java:580)
	at java.base/java.util.ArrayList.forEach(ArrayList.java:1596)
	at java.base/java.util.ArrayList.forEach(ArrayList.java:1596)
]]></failure>
    <system-out><![CDATA[2026-04-07T20:53:40.411+07:00 ERROR 42996 --- [ai-dev-platform] [           main] c.a.service.ChatSummarizationService     : Failed to summarize chat history for agent pm: 401 Unauthorized: [no body]
]]></system-out>
  </testcase>
  <testcase name="testSessionContextWithNoPriorSession" classname="com.aidevplatform.service.SessionMemoryIntegrationTest" time="0.095"/>
  <testcase name="testGetSessionContext" classname="com.aidevplatform.service.SessionMemoryIntegrationTest" time="0.079">
    <error message="could not execute statement [ERROR: insert or update on table &quot;modules&quot; violates foreign key constraint &quot;modules_project_id_fkey&quot;&#10;  Detail: Key (project_id)=(9a98677b-6ce1-4a51-ab9a-466d3ec83307) is not present in table &quot;projects&quot;.] [insert into modules (created_at,current_agent,description,name,parsed_stories,project_id,raw_requirement,req_file_path,status,updated_at,id) values (?,?,?,?,?,?,?,?,?,?,?)]; SQL [insert into modules (created_at,current_agent,description,name,parsed_stories,project_id,raw_requirement,req_file_path,status,updated_at,id) values (?,?,?,?,?,?,?,?,?,?,?)]; constraint [modules_project_id_fkey]" type="org.springframework.dao.DataIntegrityViolationException"><![CDATA[org.springframework.dao.DataIntegrityViolationException: 
could not execute statement [ERROR: insert or update on table "modules" violates foreign key constraint "modules_project_id_fkey"
  Detail: Key (project_id)=(9a98677b-6ce1-4a51-ab9a-466d3ec83307) is not present in table "projects".] [insert into modules (created_at,current_agent,description,name,parsed_stories,project_id,raw_requirement,req_file_path,status,updated_at,id) values (?,?,?,?,?,?,?,?,?,?,?)]; SQL [insert into modules (created_at,current_agent,description,name,parsed_stories,project_id,raw_requirement,req_file_path,status,updated_at,id) values (?,?,?,?,?,?,?,?,?,?,?)]; constraint [modules_project_id_fkey]
	at org.springframework.orm.jpa.vendor.HibernateJpaDialect.convertHibernateAccessException(HibernateJpaDialect.java:290)
	at org.springframework.orm.jpa.vendor.HibernateJpaDialect.translateExceptionIfPossible(HibernateJpaDialect.java:241)
	at org.springframework.orm.jpa.AbstractEntityManagerFactoryBean.translateExceptionIfPossible(AbstractEntityManagerFactoryBean.java:550)
	at org.springframework.dao.support.ChainedPersistenceExceptionTranslator.translateExceptionIfPossible(ChainedPersistenceExceptionTranslator.java:61)
	at org.springframework.dao.support.DataAccessUtils.translateIfNecessary(DataAccessUtils.java:335)
	at org.springframework.dao.support.PersistenceExceptionTranslationInterceptor.invoke(PersistenceExceptionTranslationInterceptor.java:152)
	at org.springframework.aop.framework.ReflectiveMethodInvocation.proceed(ReflectiveMethodInvocation.java:184)
	at org.springframework.data.jpa.repository.support.CrudMethodMetadataPostProcessor$CrudMethodMetadataPopulatingMethodInterceptor.invoke(CrudMethodMetadataPostProcessor.java:136)
	at org.springframework.aop.framework.ReflectiveMethodInvocation.proceed(ReflectiveMethodInvocation.java:184)
	at org.springframework.aop.interceptor.ExposeInvocationInterceptor.invoke(ExposeInvocationInterceptor.java:97)
	at org.springframework.aop.framework.ReflectiveMethodInvocation.proceed(ReflectiveMethodInvocation.java:184)
	at org.springframework.aop.framework.JdkDynamicAopProxy.invoke(JdkDynamicAopProxy.java:223)
	at jdk.proxy2/jdk.proxy2.$Proxy180.findByRunId(Unknown Source)
	at com.aidevplatform.service.SessionCompressorService.compressSessionFromReport(SessionCompressorService.java:55)
	at java.base/jdk.internal.reflect.DirectMethodHandleAccessor.invoke(DirectMethodHandleAccessor.java:103)
	at java.base/java.lang.reflect.Method.invoke(Method.java:580)
	at org.springframework.aop.support.AopUtils.invokeJoinpointUsingReflection(AopUtils.java:354)
	at org.springframework.aop.framework.ReflectiveMethodInvocation.invokeJoinpoint(ReflectiveMethodInvocation.java:196)
	at org.springframework.aop.framework.ReflectiveMethodInvocation.proceed(ReflectiveMethodInvocation.java:163)
	at org.springframework.aop.framework.CglibAopProxy$CglibMethodInvocation.proceed(CglibAopProxy.java:768)
	at org.springframework.transaction.interceptor.TransactionInterceptor$1.proceedWithInvocation(TransactionInterceptor.java:123)
	at org.springframework.transaction.interceptor.TransactionAspectSupport.invokeWithinTransaction(TransactionAspectSupport.java:392)
	at org.springframework.transaction.interceptor.TransactionInterceptor.invoke(TransactionInterceptor.java:119)
	at org.springframework.aop.framework.ReflectiveMethodInvocation.proceed(ReflectiveMethodInvocation.java:184)
	at org.springframework.aop.framework.CglibAopProxy$CglibMethodInvocation.proceed(CglibAopProxy.java:768)
	at org.springframework.aop.framework.CglibAopProxy$DynamicAdvisedInterceptor.intercept(CglibAopProxy.java:720)
	at com.aidevplatform.service.SessionCompressorService$$SpringCGLIB$$0.compressSessionFromReport(<generated>)
	at com.aidevplatform.service.SessionMemoryIntegrationTest.testGetSessionContext(SessionMemoryIntegrationTest.java:134)
	at java.base/java.lang.reflect.Method.invoke(Method.java:580)
	at java.base/java.util.ArrayList.forEach(ArrayList.java:1596)
	at java.base/java.util.ArrayList.forEach(ArrayList.java:1596)
Caused by: org.hibernate.exception.ConstraintViolationException: could not execute statement [ERROR: insert or update on table "modules" violates foreign key constraint "modules_project_id_fkey"
  Detail: Key (project_id)=(9a98677b-6ce1-4a51-ab9a-466d3ec83307) is not present in table "projects".] [insert into modules (created_at,current_agent,description,name,parsed_stories,project_id,raw_requirement,req_file_path,status,updated_at,id) values (?,?,?,?,?,?,?,?,?,?,?)]
	at org.hibernate.exception.internal.SQLStateConversionDelegate.convert(SQLStateConversionDelegate.java:97)
	at org.hibernate.exception.internal.StandardSQLExceptionConverter.convert(StandardSQLExceptionConverter.java:58)
	at org.hibernate.engine.jdbc.spi.SqlExceptionHelper.convert(SqlExceptionHelper.java:108)
	at org.hibernate.engine.jdbc.internal.ResultSetReturnImpl.executeUpdate(ResultSetReturnImpl.java:197)
	at org.hibernate.engine.jdbc.mutation.internal.AbstractMutationExecutor.performNonBatchedMutation(AbstractMutationExecutor.java:134)
	at org.hibernate.engine.jdbc.mutation.internal.MutationExecutorSingleNonBatched.performNonBatchedOperations(MutationExecutorSingleNonBatched.java:55)
	at org.hibernate.engine.jdbc.mutation.internal.AbstractMutationExecutor.execute(AbstractMutationExecutor.java:55)
	at org.hibernate.persister.entity.mutation.InsertCoordinatorStandard.doStaticInserts(InsertCoordinatorStandard.java:194)
	at org.hibernate.persister.entity.mutation.InsertCoordinatorStandard.coordinateInsert(InsertCoordinatorStandard.java:132)
	at org.hibernate.persister.entity.mutation.InsertCoordinatorStandard.insert(InsertCoordinatorStandard.java:104)
	at org.hibernate.action.internal.EntityInsertAction.execute(EntityInsertAction.java:110)
	at org.hibernate.engine.spi.ActionQueue.executeActions(ActionQueue.java:632)
	at org.hibernate.engine.spi.ActionQueue.executeActions(ActionQueue.java:499)
	at org.hibernate.event.internal.AbstractFlushingEventListener.performExecutions(AbstractFlushingEventListener.java:371)
	at org.hibernate.event.internal.DefaultAutoFlushEventListener.onAutoFlush(DefaultAutoFlushEventListener.java:66)
	at org.hibernate.event.service.internal.EventListenerGroupImpl.fireEventOnEachListener(EventListenerGroupImpl.java:127)
	at org.hibernate.internal.SessionImpl.autoFlushIfRequired(SessionImpl.java:1375)
	at org.hibernate.query.sqm.internal.ConcreteSqmSelectQueryPlan.lambda$new$2(ConcreteSqmSelectQueryPlan.java:138)
	at org.hibernate.query.sqm.internal.ConcreteSqmSelectQueryPlan.withCacheableSqmInterpretation(ConcreteSqmSelectQueryPlan.java:382)
	at org.hibernate.query.sqm.internal.ConcreteSqmSelectQueryPlan.performList(ConcreteSqmSelectQueryPlan.java:302)
	at org.hibernate.query.sqm.internal.QuerySqmImpl.doList(QuerySqmImpl.java:526)
	at org.hibernate.query.spi.AbstractSelectionQuery.list(AbstractSelectionQuery.java:423)
	at org.hibernate.query.spi.AbstractSelectionQuery.getSingleResult(AbstractSelectionQuery.java:555)
	at org.springframework.data.jpa.repository.query.JpaQueryExecution$SingleEntityExecution.doExecute(JpaQueryExecution.java:223)
	at org.springframework.data.jpa.repository.query.JpaQueryExecution.execute(JpaQueryExecution.java:92)
	at org.springframework.data.jpa.repository.query.AbstractJpaQuery.doExecute(AbstractJpaQuery.java:152)
	at org.springframework.data.jpa.repository.query.AbstractJpaQuery.execute(AbstractJpaQuery.java:140)
	at org.springframework.data.repository.core.support.RepositoryMethodInvoker.doInvoke(RepositoryMethodInvoker.java:170)
	at org.springframework.data.repository.core.support.RepositoryMethodInvoker.invoke(RepositoryMethodInvoker.java:158)
	at org.springframework.data.repository.core.support.QueryExecutorMethodInterceptor.doInvoke(QueryExecutorMethodInterceptor.java:164)
	at org.springframework.data.repository.core.support.QueryExecutorMethodInterceptor.invoke(QueryExecutorMethodInterceptor.java:143)
	at org.springframework.aop.framework.ReflectiveMethodInvocation.proceed(ReflectiveMethodInvocation.java:184)
	at org.springframework.data.projection.DefaultMethodInvokingMethodInterceptor.invoke(DefaultMethodInvokingMethodInterceptor.java:70)
	at org.springframework.aop.framework.ReflectiveMethodInvocation.proceed(ReflectiveMethodInvocation.java:184)
	at org.springframework.transaction.interceptor.TransactionInterceptor$1.proceedWithInvocation(TransactionInterceptor.java:123)
	at org.springframework.transaction.interceptor.TransactionAspectSupport.invokeWithinTransaction(TransactionAspectSupport.java:392)
	at org.springframework.transaction.interceptor.TransactionInterceptor.invoke(TransactionInterceptor.java:119)
	at org.springframework.aop.framework.ReflectiveMethodInvocation.proceed(ReflectiveMethodInvocation.java:184)
	at org.springframework.dao.support.PersistenceExceptionTranslationInterceptor.invoke(PersistenceExceptionTranslationInterceptor.java:137)
	... 25 more
Caused by: org.postgresql.util.PSQLException: ERROR: insert or update on table "modules" violates foreign key constraint "modules_project_id_fkey"
  Detail: Key (project_id)=(9a98677b-6ce1-4a51-ab9a-466d3ec83307) is not present in table "projects".
	at org.postgresql.core.v3.QueryExecutorImpl.receiveErrorResponse(QueryExecutorImpl.java:2713)
	at org.postgresql.core.v3.QueryExecutorImpl.processResults(QueryExecutorImpl.java:2401)
	at org.postgresql.core.v3.QueryExecutorImpl.execute(QueryExecutorImpl.java:368)
	at org.postgresql.jdbc.PgStatement.executeInternal(PgStatement.java:498)
	at org.postgresql.jdbc.PgStatement.execute(PgStatement.java:415)
	at org.postgresql.jdbc.PgPreparedStatement.executeWithFlags(PgPreparedStatement.java:190)
	at org.postgresql.jdbc.PgPreparedStatement.executeUpdate(PgPreparedStatement.java:152)
	at com.zaxxer.hikari.pool.ProxyPreparedStatement.executeUpdate(ProxyPreparedStatement.java:61)
	at com.zaxxer.hikari.pool.HikariProxyPreparedStatement.executeUpdate(HikariProxyPreparedStatement.java)
	at org.hibernate.engine.jdbc.internal.ResultSetReturnImpl.executeUpdate(ResultSetReturnImpl.java:194)
	... 60 more
]]></error>
    <system-out><![CDATA[2026-04-07T20:53:40.673+07:00  WARN 42996 --- [ai-dev-platform] [           main] o.h.engine.jdbc.spi.SqlExceptionHelper   : SQL Error: 0, SQLState: 23503
2026-04-07T20:53:40.673+07:00 ERROR 42996 --- [ai-dev-platform] [           main] o.h.engine.jdbc.spi.SqlExceptionHelper   : ERROR: insert or update on table "modules" violates foreign key constraint "modules_project_id_fkey"
  Detail: Key (project_id)=(9a98677b-6ce1-4a51-ab9a-466d3ec83307) is not present in table "projects".
]]></system-out>
  </testcase>
  <testcase name="testSessionContextToSystemPrompt" classname="com.aidevplatform.service.SessionMemoryIntegrationTest" time="0.072">
    <failure message="&#10;Expecting actual:&#10;  &quot;## Agent: dev&#10;&#10;## Completed Work (Structured Facts)&#10;{deliverables=[{name=requirements}]}&#10;&#10;## Session Summary&#10;PM completed scope definition&#10;&#10;## Design Decisions &amp; Trade-offs&#10;Chose REST over GraphQL for simplicity&#10;&#10;## Recent Activity&#10;```plaintext&#10;Last user message&#10;```&#10;&quot;&#10;to contain:&#10;  &quot;## Current Agent: dev&quot; " type="java.lang.AssertionError"><![CDATA[java.lang.AssertionError: 

Expecting actual:
  "## Agent: dev

## Completed Work (Structured Facts)
{deliverables=[{name=requirements}]}

## Session Summary
PM completed scope definition

## Design Decisions & Trade-offs
Chose REST over GraphQL for simplicity

## Recent Activity
```plaintext
Last user message
```
"
to contain:
  "## Current Agent: dev" 
	at com.aidevplatform.service.SessionMemoryIntegrationTest.testSessionContextToSystemPrompt(SessionMemoryIntegrationTest.java:238)
	at java.base/java.lang.reflect.Method.invoke(Method.java:580)
	at java.base/java.util.ArrayList.forEach(ArrayList.java:1596)
	at java.base/java.util.ArrayList.forEach(ArrayList.java:1596)
]]></failure>
  </testcase>
  <testcase name="testSessionCompressionWithRedisCache" classname="com.aidevplatform.service.SessionMemoryIntegrationTest" time="0.076"/>
  <testcase name="testSessionCleanup" classname="com.aidevplatform.service.SessionMemoryIntegrationTest" time="0.078"/>
  <testcase name="testCompressSessionFromReport" classname="com.aidevplatform.service.SessionMemoryIntegrationTest" time="0.069">
    <error message="could not execute statement [ERROR: insert or update on table &quot;modules&quot; violates foreign key constraint &quot;modules_project_id_fkey&quot;&#10;  Detail: Key (project_id)=(f94194fa-1fac-4622-8f4e-77b586fe16a6) is not present in table &quot;projects&quot;.] [insert into modules (created_at,current_agent,description,name,parsed_stories,project_id,raw_requirement,req_file_path,status,updated_at,id) values (?,?,?,?,?,?,?,?,?,?,?)]; SQL [insert into modules (created_at,current_agent,description,name,parsed_stories,project_id,raw_requirement,req_file_path,status,updated_at,id) values (?,?,?,?,?,?,?,?,?,?,?)]; constraint [modules_project_id_fkey]" type="org.springframework.dao.DataIntegrityViolationException"><![CDATA[org.springframework.dao.DataIntegrityViolationException: 
could not execute statement [ERROR: insert or update on table "modules" violates foreign key constraint "modules_project_id_fkey"
  Detail: Key (project_id)=(f94194fa-1fac-4622-8f4e-77b586fe16a6) is not present in table "projects".] [insert into modules (created_at,current_agent,description,name,parsed_stories,project_id,raw_requirement,req_file_path,status,updated_at,id) values (?,?,?,?,?,?,?,?,?,?,?)]; SQL [insert into modules (created_at,current_agent,description,name,parsed_stories,project_id,raw_requirement,req_file_path,status,updated_at,id) values (?,?,?,?,?,?,?,?,?,?,?)]; constraint [modules_project_id_fkey]
	at org.springframework.orm.jpa.vendor.HibernateJpaDialect.convertHibernateAccessException(HibernateJpaDialect.java:290)
	at org.springframework.orm.jpa.vendor.HibernateJpaDialect.translateExceptionIfPossible(HibernateJpaDialect.java:241)
	at org.springframework.orm.jpa.AbstractEntityManagerFactoryBean.translateExceptionIfPossible(AbstractEntityManagerFactoryBean.java:550)
	at org.springframework.dao.support.ChainedPersistenceExceptionTranslator.translateExceptionIfPossible(ChainedPersistenceExceptionTranslator.java:61)
	at org.springframework.dao.support.DataAccessUtils.translateIfNecessary(DataAccessUtils.java:335)
	at org.springframework.dao.support.PersistenceExceptionTranslationInterceptor.invoke(PersistenceExceptionTranslationInterceptor.java:152)
	at org.springframework.aop.framework.ReflectiveMethodInvocation.proceed(ReflectiveMethodInvocation.java:184)
	at org.springframework.data.jpa.repository.support.CrudMethodMetadataPostProcessor$CrudMethodMetadataPopulatingMethodInterceptor.invoke(CrudMethodMetadataPostProcessor.java:136)
	at org.springframework.aop.framework.ReflectiveMethodInvocation.proceed(ReflectiveMethodInvocation.java:184)
	at org.springframework.aop.interceptor.ExposeInvocationInterceptor.invoke(ExposeInvocationInterceptor.java:97)
	at org.springframework.aop.framework.ReflectiveMethodInvocation.proceed(ReflectiveMethodInvocation.java:184)
	at org.springframework.aop.framework.JdkDynamicAopProxy.invoke(JdkDynamicAopProxy.java:223)
	at jdk.proxy2/jdk.proxy2.$Proxy180.findByRunId(Unknown Source)
	at com.aidevplatform.service.SessionCompressorService.compressSessionFromReport(SessionCompressorService.java:55)
	at java.base/jdk.internal.reflect.DirectMethodHandleAccessor.invoke(DirectMethodHandleAccessor.java:103)
	at java.base/java.lang.reflect.Method.invoke(Method.java:580)
	at org.springframework.aop.support.AopUtils.invokeJoinpointUsingReflection(AopUtils.java:354)
	at org.springframework.aop.framework.ReflectiveMethodInvocation.invokeJoinpoint(ReflectiveMethodInvocation.java:196)
	at org.springframework.aop.framework.ReflectiveMethodInvocation.proceed(ReflectiveMethodInvocation.java:163)
	at org.springframework.aop.framework.CglibAopProxy$CglibMethodInvocation.proceed(CglibAopProxy.java:768)
	at org.springframework.transaction.interceptor.TransactionInterceptor$1.proceedWithInvocation(TransactionInterceptor.java:123)
	at org.springframework.transaction.interceptor.TransactionAspectSupport.invokeWithinTransaction(TransactionAspectSupport.java:392)
	at org.springframework.transaction.interceptor.TransactionInterceptor.invoke(TransactionInterceptor.java:119)
	at org.springframework.aop.framework.ReflectiveMethodInvocation.proceed(ReflectiveMethodInvocation.java:184)
	at org.springframework.aop.framework.CglibAopProxy$CglibMethodInvocation.proceed(CglibAopProxy.java:768)
	at org.springframework.aop.framework.CglibAopProxy$DynamicAdvisedInterceptor.intercept(CglibAopProxy.java:720)
	at com.aidevplatform.service.SessionCompressorService$$SpringCGLIB$$0.compressSessionFromReport(<generated>)
	at com.aidevplatform.service.SessionMemoryIntegrationTest.testCompressSessionFromReport(SessionMemoryIntegrationTest.java:105)
	at java.base/java.lang.reflect.Method.invoke(Method.java:580)
	at java.base/java.util.ArrayList.forEach(ArrayList.java:1596)
	at java.base/java.util.ArrayList.forEach(ArrayList.java:1596)
Caused by: org.hibernate.exception.ConstraintViolationException: could not execute statement [ERROR: insert or update on table "modules" violates foreign key constraint "modules_project_id_fkey"
  Detail: Key (project_id)=(f94194fa-1fac-4622-8f4e-77b586fe16a6) is not present in table "projects".] [insert into modules (created_at,current_agent,description,name,parsed_stories,project_id,raw_requirement,req_file_path,status,updated_at,id) values (?,?,?,?,?,?,?,?,?,?,?)]
	at org.hibernate.exception.internal.SQLStateConversionDelegate.convert(SQLStateConversionDelegate.java:97)
	at org.hibernate.exception.internal.StandardSQLExceptionConverter.convert(StandardSQLExceptionConverter.java:58)
	at org.hibernate.engine.jdbc.spi.SqlExceptionHelper.convert(SqlExceptionHelper.java:108)
	at org.hibernate.engine.jdbc.internal.ResultSetReturnImpl.executeUpdate(ResultSetReturnImpl.java:197)
	at org.hibernate.engine.jdbc.mutation.internal.AbstractMutationExecutor.performNonBatchedMutation(AbstractMutationExecutor.java:134)
	at org.hibernate.engine.jdbc.mutation.internal.MutationExecutorSingleNonBatched.performNonBatchedOperations(MutationExecutorSingleNonBatched.java:55)
	at org.hibernate.engine.jdbc.mutation.internal.AbstractMutationExecutor.execute(AbstractMutationExecutor.java:55)
	at org.hibernate.persister.entity.mutation.InsertCoordinatorStandard.doStaticInserts(InsertCoordinatorStandard.java:194)
	at org.hibernate.persister.entity.mutation.InsertCoordinatorStandard.coordinateInsert(InsertCoordinatorStandard.java:132)
	at org.hibernate.persister.entity.mutation.InsertCoordinatorStandard.insert(InsertCoordinatorStandard.java:104)
	at org.hibernate.action.internal.EntityInsertAction.execute(EntityInsertAction.java:110)
	at org.hibernate.engine.spi.ActionQueue.executeActions(ActionQueue.java:632)
	at org.hibernate.engine.spi.ActionQueue.executeActions(ActionQueue.java:499)
	at org.hibernate.event.internal.AbstractFlushingEventListener.performExecutions(AbstractFlushingEventListener.java:371)
	at org.hibernate.event.internal.DefaultAutoFlushEventListener.onAutoFlush(DefaultAutoFlushEventListener.java:66)
	at org.hibernate.event.service.internal.EventListenerGroupImpl.fireEventOnEachListener(EventListenerGroupImpl.java:127)
	at org.hibernate.internal.SessionImpl.autoFlushIfRequired(SessionImpl.java:1375)
	at org.hibernate.query.sqm.internal.ConcreteSqmSelectQueryPlan.lambda$new$2(ConcreteSqmSelectQueryPlan.java:138)
	at org.hibernate.query.sqm.internal.ConcreteSqmSelectQueryPlan.withCacheableSqmInterpretation(ConcreteSqmSelectQueryPlan.java:382)
	at org.hibernate.query.sqm.internal.ConcreteSqmSelectQueryPlan.performList(ConcreteSqmSelectQueryPlan.java:302)
	at org.hibernate.query.sqm.internal.QuerySqmImpl.doList(QuerySqmImpl.java:526)
	at org.hibernate.query.spi.AbstractSelectionQuery.list(AbstractSelectionQuery.java:423)
	at org.hibernate.query.spi.AbstractSelectionQuery.getSingleResult(AbstractSelectionQuery.java:555)
	at org.springframework.data.jpa.repository.query.JpaQueryExecution$SingleEntityExecution.doExecute(JpaQueryExecution.java:223)
	at org.springframework.data.jpa.repository.query.JpaQueryExecution.execute(JpaQueryExecution.java:92)
	at org.springframework.data.jpa.repository.query.AbstractJpaQuery.doExecute(AbstractJpaQuery.java:152)
	at org.springframework.data.jpa.repository.query.AbstractJpaQuery.execute(AbstractJpaQuery.java:140)
	at org.springframework.data.repository.core.support.RepositoryMethodInvoker.doInvoke(RepositoryMethodInvoker.java:170)
	at org.springframework.data.repository.core.support.RepositoryMethodInvoker.invoke(RepositoryMethodInvoker.java:158)
	at org.springframework.data.repository.core.support.QueryExecutorMethodInterceptor.doInvoke(QueryExecutorMethodInterceptor.java:164)
	at org.springframework.data.repository.core.support.QueryExecutorMethodInterceptor.invoke(QueryExecutorMethodInterceptor.java:143)
	at org.springframework.aop.framework.ReflectiveMethodInvocation.proceed(ReflectiveMethodInvocation.java:184)
	at org.springframework.data.projection.DefaultMethodInvokingMethodInterceptor.invoke(DefaultMethodInvokingMethodInterceptor.java:70)
	at org.springframework.aop.framework.ReflectiveMethodInvocation.proceed(ReflectiveMethodInvocation.java:184)
	at org.springframework.transaction.interceptor.TransactionInterceptor$1.proceedWithInvocation(TransactionInterceptor.java:123)
	at org.springframework.transaction.interceptor.TransactionAspectSupport.invokeWithinTransaction(TransactionAspectSupport.java:392)
	at org.springframework.transaction.interceptor.TransactionInterceptor.invoke(TransactionInterceptor.java:119)
	at org.springframework.aop.framework.ReflectiveMethodInvocation.proceed(ReflectiveMethodInvocation.java:184)
	at org.springframework.dao.support.PersistenceExceptionTranslationInterceptor.invoke(PersistenceExceptionTranslationInterceptor.java:137)
	... 25 more
Caused by: org.postgresql.util.PSQLException: ERROR: insert or update on table "modules" violates foreign key constraint "modules_project_id_fkey"
  Detail: Key (project_id)=(f94194fa-1fac-4622-8f4e-77b586fe16a6) is not present in table "projects".
	at org.postgresql.core.v3.QueryExecutorImpl.receiveErrorResponse(QueryExecutorImpl.java:2713)
	at org.postgresql.core.v3.QueryExecutorImpl.processResults(QueryExecutorImpl.java:2401)
	at org.postgresql.core.v3.QueryExecutorImpl.execute(QueryExecutorImpl.java:368)
	at org.postgresql.jdbc.PgStatement.executeInternal(PgStatement.java:498)
	at org.postgresql.jdbc.PgStatement.execute(PgStatement.java:415)
	at org.postgresql.jdbc.PgPreparedStatement.executeWithFlags(PgPreparedStatement.java:190)
	at org.postgresql.jdbc.PgPreparedStatement.executeUpdate(PgPreparedStatement.java:152)
	at com.zaxxer.hikari.pool.ProxyPreparedStatement.executeUpdate(ProxyPreparedStatement.java:61)
	at com.zaxxer.hikari.pool.HikariProxyPreparedStatement.executeUpdate(HikariProxyPreparedStatement.java)
	at org.hibernate.engine.jdbc.internal.ResultSetReturnImpl.executeUpdate(ResultSetReturnImpl.java:194)
	... 60 more
]]></error>
    <system-out><![CDATA[2026-04-07T20:53:40.973+07:00  WARN 42996 --- [ai-dev-platform] [           main] o.h.engine.jdbc.spi.SqlExceptionHelper   : SQL Error: 0, SQLState: 23503
2026-04-07T20:53:40.974+07:00 ERROR 42996 --- [ai-dev-platform] [           main] o.h.engine.jdbc.spi.SqlExceptionHelper   : ERROR: insert or update on table "modules" violates foreign key constraint "modules_project_id_fkey"
  Detail: Key (project_id)=(f94194fa-1fac-4622-8f4e-77b586fe16a6) is not present in table "projects".
]]></system-out>
  </testcase>
  <testcase name="testChatSummarizationExtractsDecisions" classname="com.aidevplatform.service.SessionMemoryIntegrationTest" time="0.06"/>
</testsuite>